WARNING: Nokogiri was built against LibXML version 2.7.3, but has dynamically loaded 2.7.8
rake aborted!
cannot load such file -- dm-sqlite-adapter

Tasks: TOP => fetch
(See full trace by running task with --trace)
WARNING: Nokogiri was built against LibXML version 2.7.3, but has dynamically loaded 2.7.8
rake aborted!
cannot load such file -- dm-sqlite-adapter

Tasks: TOP => fetch
(See full trace by running task with --trace)
WARNING: Nokogiri was built against LibXML version 2.7.3, but has dynamically loaded 2.7.8
rake aborted!
cannot load such file -- dm-sqlite-adapter

Tasks: TOP => fetch
(See full trace by running task with --trace)
WARNING: Nokogiri was built against LibXML version 2.7.3, but has dynamically loaded 2.7.8
rake aborted!
cannot load such file -- dm-sqlite-adapter

Tasks: TOP => fetch
(See full trace by running task with --trace)
